<?xml version="1.0" encoding="UTF-8"?>
<!-- Generated by org.testng.reporters.JUnitXMLReporter -->
<testsuite ignored="0" hostname="DESKTOP-HKLU73H" failures="0" tests="4" name="Default test" time="11.945" errors="0" timestamp="2023-07-23T13:17:48 IST">
  <testcase classname="com.restassured.test.UserTest" name="testPostUser" time="5.653"/>
  <testcase classname="com.restassured.test.UserTest" name="testGetUserName" time="1.392"/>
  <testcase classname="com.restassured.test.UserTest" name="testUpdateByUserName" time="2.931"/>
  <testcase classname="com.restassured.test.UserTest" name="testDeleteUser" time="1.339"/>
</testsuite> <!-- Default test -->
