<?xml version="1.0" encoding="UTF-8"?>
<testng-results ignored="0" total="4" passed="4" failed="0" skipped="0">
  <reporter-output>
  </reporter-output>
  <suite started-at="2023-07-23T13:17:36 IST" name="Default suite" finished-at="2023-07-23T13:17:48 IST" duration-ms="11945">
    <groups>
    </groups>
    <test started-at="2023-07-23T13:17:36 IST" name="Default test" finished-at="2023-07-23T13:17:48 IST" duration-ms="11945">
      <class name="com.restassured.test.UserTest">
        <test-method is-config="true" signature="setupDeta()[pri:0, instance:com.restassured.test.UserTest@53045c6c]" started-at="2023-07-23T13:17:36 IST" name="setupDeta" finished-at="2023-07-23T13:17:36 IST" duration-ms="481" status="PASS">
          <reporter-output>
          </reporter-output>
        </test-method> <!-- setupDeta -->
        <test-method signature="testPostUser()[pri:1, instance:com.restassured.test.UserTest@53045c6c]" started-at="2023-07-23T13:17:36 IST" name="testPostUser" finished-at="2023-07-23T13:17:42 IST" duration-ms="5653" status="PASS">
          <reporter-output>
          </reporter-output>
        </test-method> <!-- testPostUser -->
        <test-method signature="testGetUserName()[pri:2, instance:com.restassured.test.UserTest@53045c6c]" started-at="2023-07-23T13:17:42 IST" name="testGetUserName" finished-at="2023-07-23T13:17:43 IST" duration-ms="1392" status="PASS">
          <reporter-output>
          </reporter-output>
        </test-method> <!-- testGetUserName -->
        <test-method signature="testUpdateByUserName()[pri:3, instance:com.restassured.test.UserTest@53045c6c]" started-at="2023-07-23T13:17:43 IST" name="testUpdateByUserName" finished-at="2023-07-23T13:17:46 IST" duration-ms="2931" status="PASS">
          <reporter-output>
          </reporter-output>
        </test-method> <!-- testUpdateByUserName -->
        <test-method signature="testDeleteUser()[pri:4, instance:com.restassured.test.UserTest@53045c6c]" started-at="2023-07-23T13:17:46 IST" name="testDeleteUser" finished-at="2023-07-23T13:17:48 IST" duration-ms="1339" status="PASS">
          <reporter-output>
          </reporter-output>
        </test-method> <!-- testDeleteUser -->
      </class> <!-- com.restassured.test.UserTest -->
    </test> <!-- Default test -->
  </suite> <!-- Default suite -->
</testng-results>
